{"D:\\Tanuj\\Namaste-React\\src\\components\\Body.jsx": {"path":"D:\\Tanuj\\Namaste-React\\src\\components\\Body.jsx","statementMap":{"0":{"start":{"line":9,"column":13},"end":{"line":109,"column":1}},"1":{"start":{"line":10,"column":51},"end":{"line":10,"column":63}},"2":{"start":{"line":11,"column":54},"end":{"line":11,"column":66}},"3":{"start":{"line":12,"column":38},"end":{"line":12,"column":50}},"4":{"start":{"line":13,"column":33},"end":{"line":13,"column":66}},"5":{"start":{"line":15,"column":2},"end":{"line":17,"column":9}},"6":{"start":{"line":16,"column":4},"end":{"line":16,"column":16}},"7":{"start":{"line":19,"column":20},"end":{"line":36,"column":3}},"8":{"start":{"line":20,"column":4},"end":{"line":35,"column":5}},"9":{"start":{"line":21,"column":19},"end":{"line":23,"column":7}},"10":{"start":{"line":24,"column":19},"end":{"line":24,"column":36}},"11":{"start":{"line":25,"column":6},"end":{"line":28,"column":8}},"12":{"start":{"line":29,"column":6},"end":{"line":32,"column":8}},"13":{"start":{"line":34,"column":6},"end":{"line":34,"column":51}},"14":{"start":{"line":38,"column":23},"end":{"line":38,"column":40}},"15":{"start":{"line":39,"column":2},"end":{"line":41,"column":3}},"16":{"start":{"line":40,"column":4},"end":{"line":40,"column":69}},"17":{"start":{"line":43,"column":40},"end":{"line":43,"column":63}},"18":{"start":{"line":45,"column":2},"end":{"line":108,"column":4}},"19":{"start":{"line":55,"column":29},"end":{"line":55,"column":58}},"20":{"start":{"line":60,"column":41},"end":{"line":62,"column":15}},"21":{"start":{"line":61,"column":16},"end":{"line":61,"column":78}},"22":{"start":{"line":63,"column":14},"end":{"line":63,"column":56}},"23":{"start":{"line":73,"column":33},"end":{"line":75,"column":15}},"24":{"start":{"line":74,"column":25},"end":{"line":74,"column":49}},"25":{"start":{"line":76,"column":14},"end":{"line":76,"column":48}},"26":{"start":{"line":85,"column":31},"end":{"line":85,"column":58}},"27":{"start":{"line":93,"column":10},"end":{"line":102,"column":17}}},"fnMap":{"0":{"name":"(anonymous_0)","decl":{"start":{"line":9,"column":13},"end":{"line":9,"column":14}},"loc":{"start":{"line":9,"column":19},"end":{"line":109,"column":1}},"line":9},"1":{"name":"(anonymous_1)","decl":{"start":{"line":15,"column":12},"end":{"line":15,"column":13}},"loc":{"start":{"line":15,"column":18},"end":{"line":17,"column":3}},"line":15},"2":{"name":"(anonymous_2)","decl":{"start":{"line":19,"column":20},"end":{"line":19,"column":21}},"loc":{"start":{"line":19,"column":32},"end":{"line":36,"column":3}},"line":19},"3":{"name":"(anonymous_3)","decl":{"start":{"line":55,"column":22},"end":{"line":55,"column":23}},"loc":{"start":{"line":55,"column":29},"end":{"line":55,"column":58}},"line":55},"4":{"name":"(anonymous_4)","decl":{"start":{"line":59,"column":21},"end":{"line":59,"column":22}},"loc":{"start":{"line":59,"column":27},"end":{"line":64,"column":13}},"line":59},"5":{"name":"(anonymous_5)","decl":{"start":{"line":60,"column":66},"end":{"line":60,"column":67}},"loc":{"start":{"line":61,"column":16},"end":{"line":61,"column":78}},"line":61},"6":{"name":"(anonymous_6)","decl":{"start":{"line":72,"column":21},"end":{"line":72,"column":22}},"loc":{"start":{"line":72,"column":27},"end":{"line":77,"column":13}},"line":72},"7":{"name":"(anonymous_7)","decl":{"start":{"line":74,"column":16},"end":{"line":74,"column":17}},"loc":{"start":{"line":74,"column":25},"end":{"line":74,"column":49}},"line":74},"8":{"name":"(anonymous_8)","decl":{"start":{"line":85,"column":24},"end":{"line":85,"column":25}},"loc":{"start":{"line":85,"column":31},"end":{"line":85,"column":58}},"line":85},"9":{"name":"(anonymous_9)","decl":{"start":{"line":92,"column":33},"end":{"line":92,"column":34}},"loc":{"start":{"line":93,"column":10},"end":{"line":102,"column":17}},"line":93}},"branchMap":{"0":{"loc":{"start":{"line":39,"column":2},"end":{"line":41,"column":3}},"type":"if","locations":[{"start":{"line":39,"column":2},"end":{"line":41,"column":3}},{"start":{},"end":{}}],"line":39},"1":{"loc":{"start":{"line":45,"column":9},"end":{"line":108,"column":3}},"type":"cond-expr","locations":[{"start":{"line":46,"column":4},"end":{"line":105,"column":10}},{"start":{"line":107,"column":4},"end":{"line":107,"column":15}}],"line":45},"2":{"loc":{"start":{"line":97,"column":13},"end":{"line":101,"column":13}},"type":"cond-expr","locations":[{"start":{"line":98,"column":14},"end":{"line":98,"column":61}},{"start":{"line":100,"column":14},"end":{"line":100,"column":53}}],"line":97}},"s":{"0":1,"1":2,"2":2,"3":2,"4":2,"5":2,"6":1,"7":2,"8":1,"9":1,"10":1,"11":1,"12":1,"13":0,"14":2,"15":2,"16":0,"17":2,"18":2,"19":0,"20":0,"21":0,"22":0,"23":0,"24":0,"25":0,"26":0,"27":0},"f":{"0":2,"1":1,"2":1,"3":0,"4":0,"5":0,"6":0,"7":0,"8":0,"9":0},"b":{"0":[0,2],"1":[0,2],"2":[0,0]},"_coverageSchema":"1a1c01bbd47fc00a2c39e90264f33305004495a9","hash":"b135c45711889dd65435a3fb34d5638a582fa02b"}
,"D:\\Tanuj\\Namaste-React\\src\\components\\Contact.jsx": {"path":"D:\\Tanuj\\Namaste-React\\src\\components\\Contact.jsx","statementMap":{"0":{"start":{"line":63,"column":16},"end":{"line":75,"column":1}},"1":{"start":{"line":64,"column":2},"end":{"line":74,"column":4}}},"fnMap":{"0":{"name":"(anonymous_0)","decl":{"start":{"line":63,"column":16},"end":{"line":63,"column":17}},"loc":{"start":{"line":63,"column":22},"end":{"line":75,"column":1}},"line":63}},"branchMap":{},"s":{"0":1,"1":4},"f":{"0":4},"b":{},"_coverageSchema":"1a1c01bbd47fc00a2c39e90264f33305004495a9","hash":"55b1335317523fa72be277fabbd6f2301e3162f2"}
,"D:\\Tanuj\\Namaste-React\\src\\components\\Header.jsx": {"path":"D:\\Tanuj\\Namaste-React\\src\\components\\Header.jsx","statementMap":{"0":{"start":{"line":7,"column":15},"end":{"line":107,"column":1}},"1":{"start":{"line":8,"column":42},"end":{"line":8,"column":59}},"2":{"start":{"line":9,"column":34},"end":{"line":9,"column":49}},"3":{"start":{"line":10,"column":23},"end":{"line":10,"column":40}},"4":{"start":{"line":11,"column":27},"end":{"line":11,"column":50}},"5":{"start":{"line":14,"column":20},"end":{"line":14,"column":60}},"6":{"start":{"line":14,"column":43},"end":{"line":14,"column":59}},"7":{"start":{"line":16,"column":2},"end":{"line":106,"column":4}},"8":{"start":{"line":45,"column":25},"end":{"line":45,"column":47}},"9":{"start":{"line":95,"column":16},"end":{"line":95,"column":79}}},"fnMap":{"0":{"name":"(anonymous_0)","decl":{"start":{"line":7,"column":15},"end":{"line":7,"column":16}},"loc":{"start":{"line":7,"column":21},"end":{"line":107,"column":1}},"line":7},"1":{"name":"(anonymous_1)","decl":{"start":{"line":14,"column":32},"end":{"line":14,"column":33}},"loc":{"start":{"line":14,"column":43},"end":{"line":14,"column":59}},"line":14},"2":{"name":"(anonymous_2)","decl":{"start":{"line":45,"column":19},"end":{"line":45,"column":20}},"loc":{"start":{"line":45,"column":25},"end":{"line":45,"column":47}},"line":45},"3":{"name":"(anonymous_3)","decl":{"start":{"line":94,"column":23},"end":{"line":94,"column":24}},"loc":{"start":{"line":94,"column":29},"end":{"line":96,"column":15}},"line":94}},"branchMap":{"0":{"loc":{"start":{"line":64,"column":33},"end":{"line":64,"column":62}},"type":"cond-expr","locations":[{"start":{"line":64,"column":44},"end":{"line":64,"column":51}},{"start":{"line":64,"column":54},"end":{"line":64,"column":62}}],"line":64},"1":{"loc":{"start":{"line":95,"column":32},"end":{"line":95,"column":77}},"type":"cond-expr","locations":[{"start":{"line":95,"column":59},"end":{"line":95,"column":67}},{"start":{"line":95,"column":70},"end":{"line":95,"column":77}}],"line":95},"2":{"loc":{"start":{"line":102,"column":47},"end":{"line":102,"column":73}},"type":"cond-expr","locations":[{"start":{"line":102,"column":62},"end":{"line":102,"column":66}},{"start":{"line":102,"column":69},"end":{"line":102,"column":73}}],"line":102}},"s":{"0":1,"1":5,"2":5,"3":5,"4":5,"5":5,"6":9,"7":5,"8":0,"9":1},"f":{"0":5,"1":9,"2":0,"3":1},"b":{"0":[0,5],"1":[1,0],"2":[5,0]},"_coverageSchema":"1a1c01bbd47fc00a2c39e90264f33305004495a9","hash":"0f00205f74300cdf2c9482cbe77978e762e2e0ff"}
,"D:\\Tanuj\\Namaste-React\\src\\components\\RestaurantCard.jsx": {"path":"D:\\Tanuj\\Namaste-React\\src\\components\\RestaurantCard.jsx","statementMap":{"0":{"start":{"line":4,"column":23},"end":{"line":22,"column":1}},"1":{"start":{"line":5,"column":25},"end":{"line":5,"column":48}},"2":{"start":{"line":6,"column":22},"end":{"line":6,"column":27}},"3":{"start":{"line":9,"column":4},"end":{"line":9,"column":17}},"4":{"start":{"line":10,"column":2},"end":{"line":21,"column":4}},"5":{"start":{"line":24,"column":33},"end":{"line":33,"column":1}},"6":{"start":{"line":25,"column":2},"end":{"line":32,"column":4}},"7":{"start":{"line":26,"column":4},"end":{"line":31,"column":6}}},"fnMap":{"0":{"name":"(anonymous_0)","decl":{"start":{"line":4,"column":23},"end":{"line":4,"column":24}},"loc":{"start":{"line":4,"column":34},"end":{"line":22,"column":1}},"line":4},"1":{"name":"(anonymous_1)","decl":{"start":{"line":24,"column":33},"end":{"line":24,"column":34}},"loc":{"start":{"line":24,"column":53},"end":{"line":33,"column":1}},"line":24},"2":{"name":"(anonymous_2)","decl":{"start":{"line":25,"column":9},"end":{"line":25,"column":10}},"loc":{"start":{"line":25,"column":20},"end":{"line":32,"column":3}},"line":25}},"branchMap":{},"s":{"0":2,"1":1,"2":1,"3":1,"4":1,"5":2,"6":2,"7":0},"f":{"0":1,"1":2,"2":0},"b":{},"_coverageSchema":"1a1c01bbd47fc00a2c39e90264f33305004495a9","hash":"2fdd344eabdd4e830a108014b27c2950e0a4f91a"}
,"D:\\Tanuj\\Namaste-React\\src\\components\\Shimmer.jsx": {"path":"D:\\Tanuj\\Namaste-React\\src\\components\\Shimmer.jsx","statementMap":{"0":{"start":{"line":1,"column":16},"end":{"line":30,"column":1}},"1":{"start":{"line":2,"column":4},"end":{"line":29,"column":6}}},"fnMap":{"0":{"name":"(anonymous_0)","decl":{"start":{"line":1,"column":16},"end":{"line":1,"column":17}},"loc":{"start":{"line":1,"column":21},"end":{"line":30,"column":1}},"line":1}},"branchMap":{},"s":{"0":1,"1":2},"f":{"0":2},"b":{},"_coverageSchema":"1a1c01bbd47fc00a2c39e90264f33305004495a9","hash":"15c2cc72dab7ec6c5613b7ddecc00ed0af240391"}
,"D:\\Tanuj\\Namaste-React\\src\\components\\sum.js": {"path":"D:\\Tanuj\\Namaste-React\\src\\components\\sum.js","statementMap":{"0":{"start":{"line":1,"column":19},"end":{"line":3,"column":1}},"1":{"start":{"line":2,"column":4},"end":{"line":2,"column":17}}},"fnMap":{"0":{"name":"(anonymous_0)","decl":{"start":{"line":1,"column":19},"end":{"line":1,"column":20}},"loc":{"start":{"line":1,"column":29},"end":{"line":3,"column":1}},"line":1}},"branchMap":{},"s":{"0":1,"1":1},"f":{"0":1},"b":{},"_coverageSchema":"1a1c01bbd47fc00a2c39e90264f33305004495a9","hash":"1fa3ef5c8f1e306dbbec5707b60243d314cebb5a"}
,"D:\\Tanuj\\Namaste-React\\src\\utils\\UserContext.jsx": {"path":"D:\\Tanuj\\Namaste-React\\src\\utils\\UserContext.jsx","statementMap":{"0":{"start":{"line":2,"column":20},"end":{"line":4,"column":2}}},"fnMap":{},"branchMap":{},"s":{"0":3},"f":{},"b":{},"_coverageSchema":"1a1c01bbd47fc00a2c39e90264f33305004495a9","hash":"e9ad83592be7fcf4abac56bd2c134a3a42794963"}
,"D:\\Tanuj\\Namaste-React\\src\\utils\\appStore.js": {"path":"D:\\Tanuj\\Namaste-React\\src\\utils\\appStore.js","statementMap":{"0":{"start":{"line":1,"column":26},"end":{"line":1,"column":53}},"1":{"start":{"line":4,"column":17},"end":{"line":8,"column":2}}},"fnMap":{},"branchMap":{},"s":{"0":1,"1":1},"f":{},"b":{},"_coverageSchema":"1a1c01bbd47fc00a2c39e90264f33305004495a9","hash":"ca54494301631e1a9177b0abad7db0332293645b"}
,"D:\\Tanuj\\Namaste-React\\src\\utils\\cartSlice.js": {"path":"D:\\Tanuj\\Namaste-React\\src\\utils\\cartSlice.js","statementMap":{"0":{"start":{"line":3,"column":18},"end":{"line":21,"column":2}},"1":{"start":{"line":10,"column":12},"end":{"line":10,"column":45}},"2":{"start":{"line":13,"column":12},"end":{"line":13,"column":30}},"3":{"start":{"line":18,"column":12},"end":{"line":18,"column":35}},"4":{"start":{"line":23,"column":52},"end":{"line":23,"column":69}}},"fnMap":{"0":{"name":"(anonymous_0)","decl":{"start":{"line":9,"column":18},"end":{"line":9,"column":19}},"loc":{"start":{"line":9,"column":37},"end":{"line":11,"column":9}},"line":9},"1":{"name":"(anonymous_1)","decl":{"start":{"line":12,"column":21},"end":{"line":12,"column":22}},"loc":{"start":{"line":12,"column":40},"end":{"line":14,"column":9}},"line":12},"2":{"name":"(anonymous_2)","decl":{"start":{"line":15,"column":19},"end":{"line":15,"column":20}},"loc":{"start":{"line":15,"column":30},"end":{"line":19,"column":9}},"line":15}},"branchMap":{},"s":{"0":1,"1":0,"2":0,"3":0,"4":1},"f":{"0":0,"1":0,"2":0},"b":{},"_coverageSchema":"1a1c01bbd47fc00a2c39e90264f33305004495a9","hash":"fedf4c7485232631f8a8223c55d94c45b552b9bc"}
,"D:\\Tanuj\\Namaste-React\\src\\utils\\constants.jsx": {"path":"D:\\Tanuj\\Namaste-React\\src\\utils\\constants.jsx","statementMap":{"0":{"start":{"line":2,"column":2},"end":{"line":2,"column":94}},"1":{"start":{"line":4,"column":0},"end":{"line":4,"column":83}},"2":{"start":{"line":7,"column":2},"end":{"line":7,"column":125}}},"fnMap":{},"branchMap":{},"s":{"0":2,"1":2,"2":2},"f":{},"b":{},"_coverageSchema":"1a1c01bbd47fc00a2c39e90264f33305004495a9","hash":"cde92c3477b2aa61781bd19397a99826b9b5ba69"}
,"D:\\Tanuj\\Namaste-React\\src\\utils\\useOnlineStatus.jsx": {"path":"D:\\Tanuj\\Namaste-React\\src\\utils\\useOnlineStatus.jsx","statementMap":{"0":{"start":{"line":3,"column":24},"end":{"line":19,"column":1}},"1":{"start":{"line":6,"column":40},"end":{"line":6,"column":54}},"2":{"start":{"line":8,"column":4},"end":{"line":15,"column":10}},"3":{"start":{"line":9,"column":8},"end":{"line":11,"column":10}},"4":{"start":{"line":10,"column":12},"end":{"line":10,"column":35}},"5":{"start":{"line":12,"column":8},"end":{"line":14,"column":10}},"6":{"start":{"line":13,"column":12},"end":{"line":13,"column":34}},"7":{"start":{"line":18,"column":4},"end":{"line":18,"column":24}}},"fnMap":{"0":{"name":"(anonymous_0)","decl":{"start":{"line":3,"column":24},"end":{"line":3,"column":25}},"loc":{"start":{"line":3,"column":29},"end":{"line":19,"column":1}},"line":3},"1":{"name":"(anonymous_1)","decl":{"start":{"line":8,"column":14},"end":{"line":8,"column":15}},"loc":{"start":{"line":8,"column":20},"end":{"line":15,"column":5}},"line":8},"2":{"name":"(anonymous_2)","decl":{"start":{"line":9,"column":43},"end":{"line":9,"column":44}},"loc":{"start":{"line":9,"column":49},"end":{"line":11,"column":9}},"line":9},"3":{"name":"(anonymous_3)","decl":{"start":{"line":12,"column":42},"end":{"line":12,"column":43}},"loc":{"start":{"line":12,"column":48},"end":{"line":14,"column":9}},"line":12}},"branchMap":{},"s":{"0":2,"1":7,"2":7,"3":5,"4":0,"5":5,"6":0,"7":7},"f":{"0":7,"1":5,"2":0,"3":0},"b":{},"_coverageSchema":"1a1c01bbd47fc00a2c39e90264f33305004495a9","hash":"bda0d5b8048b284313a4f44b9fab152aa70d9d48"}
}
