{"D:\\Tanuj\\Namaste-React\\src\\components\\Contact.jsx": {"path":"D:\\Tanuj\\Namaste-React\\src\\components\\Contact.jsx","statementMap":{"0":{"start":{"line":63,"column":16},"end":{"line":75,"column":1}},"1":{"start":{"line":64,"column":2},"end":{"line":74,"column":4}}},"fnMap":{"0":{"name":"(anonymous_0)","decl":{"start":{"line":63,"column":16},"end":{"line":63,"column":17}},"loc":{"start":{"line":63,"column":22},"end":{"line":75,"column":1}},"line":63}},"branchMap":{},"s":{"0":1,"1":4},"f":{"0":4},"b":{},"_coverageSchema":"1a1c01bbd47fc00a2c39e90264f33305004495a9","hash":"55b1335317523fa72be277fabbd6f2301e3162f2"}
,"D:\\Tanuj\\Namaste-React\\src\\components\\Header.jsx": {"path":"D:\\Tanuj\\Namaste-React\\src\\components\\Header.jsx","statementMap":{"0":{"start":{"line":7,"column":15},"end":{"line":90,"column":1}},"1":{"start":{"line":8,"column":40},"end":{"line":8,"column":57}},"2":{"start":{"line":9,"column":23},"end":{"line":9,"column":40}},"3":{"start":{"line":10,"column":27},"end":{"line":10,"column":50}},"4":{"start":{"line":13,"column":20},"end":{"line":13,"column":60}},"5":{"start":{"line":13,"column":43},"end":{"line":13,"column":59}},"6":{"start":{"line":15,"column":2},"end":{"line":89,"column":4}},"7":{"start":{"line":78,"column":16},"end":{"line":78,"column":79}}},"fnMap":{"0":{"name":"(anonymous_0)","decl":{"start":{"line":7,"column":15},"end":{"line":7,"column":16}},"loc":{"start":{"line":7,"column":21},"end":{"line":90,"column":1}},"line":7},"1":{"name":"(anonymous_1)","decl":{"start":{"line":13,"column":32},"end":{"line":13,"column":33}},"loc":{"start":{"line":13,"column":43},"end":{"line":13,"column":59}},"line":13},"2":{"name":"(anonymous_2)","decl":{"start":{"line":77,"column":23},"end":{"line":77,"column":24}},"loc":{"start":{"line":77,"column":29},"end":{"line":79,"column":15}},"line":77}},"branchMap":{"0":{"loc":{"start":{"line":78,"column":32},"end":{"line":78,"column":77}},"type":"cond-expr","locations":[{"start":{"line":78,"column":59},"end":{"line":78,"column":67}},{"start":{"line":78,"column":70},"end":{"line":78,"column":77}}],"line":78},"1":{"loc":{"start":{"line":85,"column":47},"end":{"line":85,"column":73}},"type":"cond-expr","locations":[{"start":{"line":85,"column":62},"end":{"line":85,"column":66}},{"start":{"line":85,"column":69},"end":{"line":85,"column":73}}],"line":85}},"s":{"0":1,"1":3,"2":3,"3":3,"4":3,"5":6,"6":3,"7":0},"f":{"0":3,"1":6,"2":0},"b":{"0":[0,0],"1":[3,0]},"_coverageSchema":"1a1c01bbd47fc00a2c39e90264f33305004495a9","hash":"51a4d36a151fbb98f6301bb6653fb751de38bb3a"}
,"D:\\Tanuj\\Namaste-React\\src\\components\\sum.js": {"path":"D:\\Tanuj\\Namaste-React\\src\\components\\sum.js","statementMap":{"0":{"start":{"line":1,"column":19},"end":{"line":3,"column":1}},"1":{"start":{"line":2,"column":4},"end":{"line":2,"column":17}}},"fnMap":{"0":{"name":"(anonymous_0)","decl":{"start":{"line":1,"column":19},"end":{"line":1,"column":20}},"loc":{"start":{"line":1,"column":29},"end":{"line":3,"column":1}},"line":1}},"branchMap":{},"s":{"0":1,"1":1},"f":{"0":1},"b":{},"_coverageSchema":"1a1c01bbd47fc00a2c39e90264f33305004495a9","hash":"1fa3ef5c8f1e306dbbec5707b60243d314cebb5a"}
,"D:\\Tanuj\\Namaste-React\\src\\utils\\UserContext.jsx": {"path":"D:\\Tanuj\\Namaste-React\\src\\utils\\UserContext.jsx","statementMap":{"0":{"start":{"line":2,"column":20},"end":{"line":4,"column":2}}},"fnMap":{},"branchMap":{},"s":{"0":1},"f":{},"b":{},"_coverageSchema":"1a1c01bbd47fc00a2c39e90264f33305004495a9","hash":"e9ad83592be7fcf4abac56bd2c134a3a42794963"}
,"D:\\Tanuj\\Namaste-React\\src\\utils\\appStore.js": {"path":"D:\\Tanuj\\Namaste-React\\src\\utils\\appStore.js","statementMap":{"0":{"start":{"line":1,"column":26},"end":{"line":1,"column":53}},"1":{"start":{"line":4,"column":17},"end":{"line":8,"column":2}}},"fnMap":{},"branchMap":{},"s":{"0":1,"1":1},"f":{},"b":{},"_coverageSchema":"1a1c01bbd47fc00a2c39e90264f33305004495a9","hash":"ca54494301631e1a9177b0abad7db0332293645b"}
,"D:\\Tanuj\\Namaste-React\\src\\utils\\cartSlice.js": {"path":"D:\\Tanuj\\Namaste-React\\src\\utils\\cartSlice.js","statementMap":{"0":{"start":{"line":3,"column":18},"end":{"line":21,"column":2}},"1":{"start":{"line":10,"column":12},"end":{"line":10,"column":45}},"2":{"start":{"line":13,"column":12},"end":{"line":13,"column":30}},"3":{"start":{"line":18,"column":12},"end":{"line":18,"column":35}},"4":{"start":{"line":23,"column":52},"end":{"line":23,"column":69}}},"fnMap":{"0":{"name":"(anonymous_0)","decl":{"start":{"line":9,"column":18},"end":{"line":9,"column":19}},"loc":{"start":{"line":9,"column":37},"end":{"line":11,"column":9}},"line":9},"1":{"name":"(anonymous_1)","decl":{"start":{"line":12,"column":21},"end":{"line":12,"column":22}},"loc":{"start":{"line":12,"column":40},"end":{"line":14,"column":9}},"line":12},"2":{"name":"(anonymous_2)","decl":{"start":{"line":15,"column":19},"end":{"line":15,"column":20}},"loc":{"start":{"line":15,"column":30},"end":{"line":19,"column":9}},"line":15}},"branchMap":{},"s":{"0":1,"1":0,"2":0,"3":0,"4":1},"f":{"0":0,"1":0,"2":0},"b":{},"_coverageSchema":"1a1c01bbd47fc00a2c39e90264f33305004495a9","hash":"fedf4c7485232631f8a8223c55d94c45b552b9bc"}
,"D:\\Tanuj\\Namaste-React\\src\\utils\\useOnlineStatus.jsx": {"path":"D:\\Tanuj\\Namaste-React\\src\\utils\\useOnlineStatus.jsx","statementMap":{"0":{"start":{"line":3,"column":24},"end":{"line":19,"column":1}},"1":{"start":{"line":6,"column":40},"end":{"line":6,"column":54}},"2":{"start":{"line":8,"column":4},"end":{"line":15,"column":10}},"3":{"start":{"line":9,"column":8},"end":{"line":11,"column":10}},"4":{"start":{"line":10,"column":12},"end":{"line":10,"column":35}},"5":{"start":{"line":12,"column":8},"end":{"line":14,"column":10}},"6":{"start":{"line":13,"column":12},"end":{"line":13,"column":34}},"7":{"start":{"line":18,"column":4},"end":{"line":18,"column":24}}},"fnMap":{"0":{"name":"(anonymous_0)","decl":{"start":{"line":3,"column":24},"end":{"line":3,"column":25}},"loc":{"start":{"line":3,"column":29},"end":{"line":19,"column":1}},"line":3},"1":{"name":"(anonymous_1)","decl":{"start":{"line":8,"column":14},"end":{"line":8,"column":15}},"loc":{"start":{"line":8,"column":20},"end":{"line":15,"column":5}},"line":8},"2":{"name":"(anonymous_2)","decl":{"start":{"line":9,"column":43},"end":{"line":9,"column":44}},"loc":{"start":{"line":9,"column":49},"end":{"line":11,"column":9}},"line":9},"3":{"name":"(anonymous_3)","decl":{"start":{"line":12,"column":42},"end":{"line":12,"column":43}},"loc":{"start":{"line":12,"column":48},"end":{"line":14,"column":9}},"line":12}},"branchMap":{},"s":{"0":1,"1":3,"2":3,"3":3,"4":0,"5":3,"6":0,"7":3},"f":{"0":3,"1":3,"2":0,"3":0},"b":{},"_coverageSchema":"1a1c01bbd47fc00a2c39e90264f33305004495a9","hash":"bda0d5b8048b284313a4f44b9fab152aa70d9d48"}
}
