TN:
SF:src\components\Body.jsx
FN:9,(anonymous_0)
FN:15,(anonymous_1)
FN:19,(anonymous_2)
FN:55,(anonymous_3)
FN:59,(anonymous_4)
FN:60,(anonymous_5)
FN:72,(anonymous_6)
FN:74,(anonymous_7)
FN:85,(anonymous_8)
FN:92,(anonymous_9)
FNF:10
FNH:3
FNDA:2,(anonymous_0)
FNDA:1,(anonymous_1)
FNDA:1,(anonymous_2)
FNDA:0,(anonymous_3)
FNDA:0,(anonymous_4)
FNDA:0,(anonymous_5)
FNDA:0,(anonymous_6)
FNDA:0,(anonymous_7)
FNDA:0,(anonymous_8)
FNDA:0,(anonymous_9)
DA:9,1
DA:10,2
DA:11,2
DA:12,2
DA:13,2
DA:15,2
DA:16,1
DA:19,2
DA:20,1
DA:21,1
DA:24,1
DA:25,1
DA:29,1
DA:34,0
DA:38,2
DA:39,2
DA:40,0
DA:43,2
DA:45,2
DA:55,0
DA:60,0
DA:61,0
DA:63,0
DA:73,0
DA:74,0
DA:76,0
DA:85,0
DA:93,0
LF:28
LH:17
BRDA:39,0,0,0
BRDA:39,0,1,2
BRDA:45,1,0,0
BRDA:45,1,1,2
BRDA:97,2,0,0
BRDA:97,2,1,0
BRF:6
BRH:2
end_of_record
TN:
SF:src\components\Contact.jsx
FN:63,(anonymous_0)
FNF:1
FNH:1
FNDA:4,(anonymous_0)
DA:63,1
DA:64,4
LF:2
LH:2
BRF:0
BRH:0
end_of_record
TN:
SF:src\components\Header.jsx
FN:7,(anonymous_0)
FN:14,(anonymous_1)
FN:45,(anonymous_2)
FN:94,(anonymous_3)
FNF:4
FNH:3
FNDA:5,(anonymous_0)
FNDA:9,(anonymous_1)
FNDA:0,(anonymous_2)
FNDA:1,(anonymous_3)
DA:7,1
DA:8,5
DA:9,5
DA:10,5
DA:11,5
DA:14,9
DA:16,5
DA:45,0
DA:95,1
LF:9
LH:8
BRDA:64,0,0,0
BRDA:64,0,1,5
BRDA:95,1,0,1
BRDA:95,1,1,0
BRDA:102,2,0,5
BRDA:102,2,1,0
BRF:6
BRH:3
end_of_record
TN:
SF:src\components\RestaurantCard.jsx
FN:4,(anonymous_0)
FN:24,(anonymous_1)
FN:25,(anonymous_2)
FNF:3
FNH:2
FNDA:1,(anonymous_0)
FNDA:2,(anonymous_1)
FNDA:0,(anonymous_2)
DA:4,2
DA:5,1
DA:6,1
DA:9,1
DA:10,1
DA:24,2
DA:25,2
DA:26,0
LF:8
LH:7
BRF:0
BRH:0
end_of_record
TN:
SF:src\components\Shimmer.jsx
FN:1,(anonymous_0)
FNF:1
FNH:1
FNDA:2,(anonymous_0)
DA:1,1
DA:2,2
LF:2
LH:2
BRF:0
BRH:0
end_of_record
TN:
SF:src\components\sum.js
FN:1,(anonymous_0)
FNF:1
FNH:1
FNDA:1,(anonymous_0)
DA:1,1
DA:2,1
LF:2
LH:2
BRF:0
BRH:0
end_of_record
TN:
SF:src\utils\UserContext.jsx
FNF:0
FNH:0
DA:2,3
LF:1
LH:1
BRF:0
BRH:0
end_of_record
TN:
SF:src\utils\appStore.js
FNF:0
FNH:0
DA:1,1
DA:4,1
LF:2
LH:2
BRF:0
BRH:0
end_of_record
TN:
SF:src\utils\cartSlice.js
FN:9,(anonymous_0)
FN:12,(anonymous_1)
FN:15,(anonymous_2)
FNF:3
FNH:0
FNDA:0,(anonymous_0)
FNDA:0,(anonymous_1)
FNDA:0,(anonymous_2)
DA:3,1
DA:10,0
DA:13,0
DA:18,0
DA:23,1
LF:5
LH:2
BRF:0
BRH:0
end_of_record
TN:
SF:src\utils\constants.jsx
FNF:0
FNH:0
DA:2,2
DA:4,2
DA:7,2
LF:3
LH:3
BRF:0
BRH:0
end_of_record
TN:
SF:src\utils\useOnlineStatus.jsx
FN:3,(anonymous_0)
FN:8,(anonymous_1)
FN:9,(anonymous_2)
FN:12,(anonymous_3)
FNF:4
FNH:2
FNDA:7,(anonymous_0)
FNDA:5,(anonymous_1)
FNDA:0,(anonymous_2)
FNDA:0,(anonymous_3)
DA:3,2
DA:6,7
DA:8,7
DA:9,5
DA:10,0
DA:12,5
DA:13,0
DA:18,7
LF:8
LH:6
BRF:0
BRH:0
end_of_record
